<?xml version="1.0" encoding="UTF-8"?>
<testng-results ignored="8" total="17" passed="9" failed="0" skipped="0">
  <reporter-output>
  </reporter-output>
  <suite started-at="2023-04-29T21:47:57 IST" name="All Test Suite" finished-at="2023-04-29T21:50:24 IST" duration-ms="147422">
    <groups>
    </groups>
    <test started-at="2023-04-29T21:47:57 IST" name="E:/Maven/LastFmTesting/.idea" finished-at="2023-04-29T21:50:24 IST" duration-ms="147422">
      <class name="org.last.fm.AddTrackinPlaylistTest">
        <test-method signature="addtracktoplaylist()[pri:6, instance:org.last.fm.AddTrackinPlaylistTest@72d1ad2e]" started-at="2023-04-29T21:49:17 IST" name="addtracktoplaylist" finished-at="2023-04-29T21:49:41 IST" duration-ms="23600" status="PASS">
          <reporter-output>
          </reporter-output>
        </test-method> <!-- addtracktoplaylist -->
      </class> <!-- org.last.fm.AddTrackinPlaylistTest -->
      <class name="org.last.fm.EditDetailsOfPlayistTest">
        <test-method signature="editdetailsofplaylist()[pri:5, instance:org.last.fm.EditDetailsOfPlayistTest@595b007d]" started-at="2023-04-29T21:49:09 IST" name="editdetailsofplaylist" finished-at="2023-04-29T21:49:17 IST" duration-ms="8406" status="PASS">
          <reporter-output>
          </reporter-output>
        </test-method> <!-- editdetailsofplaylist -->
      </class> <!-- org.last.fm.EditDetailsOfPlayistTest -->
      <class name="org.last.fm.LoginTest">
        <test-method signature="loginVerification()[pri:2, instance:org.last.fm.LoginTest@5c5eefef]" started-at="2023-04-29T21:48:18 IST" name="loginVerification" finished-at="2023-04-29T21:48:46 IST" duration-ms="27728" status="PASS">
          <reporter-output>
          </reporter-output>
        </test-method> <!-- loginVerification -->
      </class> <!-- org.last.fm.LoginTest -->
      <class name="org.last.fm.LoginCheckTest">
        <test-method signature="logincheck()[pri:3, instance:org.last.fm.LoginCheckTest@16293aa2]" started-at="2023-04-29T21:48:46 IST" name="logincheck" finished-at="2023-04-29T21:48:52 IST" duration-ms="6182" status="PASS">
          <reporter-output>
          </reporter-output>
        </test-method> <!-- logincheck -->
      </class> <!-- org.last.fm.LoginCheckTest -->
      <class name="org.last.fm.RemoveSongFromPlaylistTest">
        <test-method signature="removesongfromplaylist()[pri:7, instance:org.last.fm.RemoveSongFromPlaylistTest@2d7275fc]" started-at="2023-04-29T21:49:41 IST" name="removesongfromplaylist" finished-at="2023-04-29T21:49:55 IST" duration-ms="14324" status="PASS">
          <reporter-output>
          </reporter-output>
        </test-method> <!-- removesongfromplaylist -->
      </class> <!-- org.last.fm.RemoveSongFromPlaylistTest -->
      <class name="org.last.fm.AddPlaylistTest">
        <test-method signature="addplaylist()[pri:4, instance:org.last.fm.AddPlaylistTest@5158b42f]" started-at="2023-04-29T21:48:52 IST" name="addplaylist" finished-at="2023-04-29T21:49:09 IST" duration-ms="16494" status="PASS">
          <reporter-output>
          </reporter-output>
        </test-method> <!-- addplaylist -->
      </class> <!-- org.last.fm.AddPlaylistTest -->
      <class name="org.last.fm.DeletePlaylistTest">
        <test-method signature="deleteplaylist()[pri:8, instance:org.last.fm.DeletePlaylistTest@399f45b1]" started-at="2023-04-29T21:49:55 IST" name="deleteplaylist" finished-at="2023-04-29T21:50:03 IST" duration-ms="8319" status="PASS">
          <reporter-output>
          </reporter-output>
        </test-method> <!-- deleteplaylist -->
      </class> <!-- org.last.fm.DeletePlaylistTest -->
      <class name="org.last.fm.FakeLoginTest">
        <test-method is-config="true" signature="setup()[pri:0, instance:org.last.fm.FakeLoginTest@6d763516]" started-at="2023-04-29T21:47:36 IST" name="setup" finished-at="2023-04-29T21:47:57 IST" duration-ms="20721" status="PASS">
          <reporter-output>
          </reporter-output>
        </test-method> <!-- setup -->
        <test-method signature="loginVerification()[pri:1, instance:org.last.fm.FakeLoginTest@6d763516]" started-at="2023-04-29T21:47:57 IST" name="loginVerification" finished-at="2023-04-29T21:48:18 IST" duration-ms="21498" status="PASS">
          <reporter-output>
          </reporter-output>
        </test-method> <!-- loginVerification -->
      </class> <!-- org.last.fm.FakeLoginTest -->
      <class name="org.last.fm.LogOutTest">
        <test-method signature="logoutVerification()[pri:9, instance:org.last.fm.LogOutTest@38c6f217]" started-at="2023-04-29T21:50:03 IST" name="logoutVerification" finished-at="2023-04-29T21:50:23 IST" duration-ms="19584" status="PASS">
          <reporter-output>
          </reporter-output>
        </test-method> <!-- logoutVerification -->
        <test-method is-config="true" signature="tearDown()[pri:0, instance:org.last.fm.LogOutTest@38c6f217]" started-at="2023-04-29T21:50:23 IST" name="tearDown" finished-at="2023-04-29T21:50:24 IST" duration-ms="1235" status="PASS">
          <reporter-output>
          </reporter-output>
        </test-method> <!-- tearDown -->
      </class> <!-- org.last.fm.LogOutTest -->
    </test> <!-- E:/Maven/LastFmTesting/.idea -->
  </suite> <!-- All Test Suite -->
</testng-results>
